Wed Jul 17 2024 01:37:26 GMT-0500 (Eastern Standard Time) : Initalize database with default path:  
{
  "root_db_directory": "C:\\Users\\samue\\Desktop\\Code_bin\\full-node-service-template\\express-server template\\database\\"
}
------------------------------------------------------------
Wed Jul 17 2024 01:37:26 GMT-0500 (Eastern Standard Time) : Prior database exists
------------------------------------------------------------
Wed Jul 17 2024 01:37:26 GMT-0500 (Eastern Standard Time) : Database check succeded
------------------------------------------------------------
Wed Jul 17 2024 01:37:26 GMT-0500 (Eastern Standard Time) : Get user data for:  1720721750676
------------------------------------------------------------
Wed Jul 17 2024 01:37:26 GMT-0500 (Eastern Standard Time) : Add new user entry to database : 
{
  "uname": "testduplicate",
  "password": "0000"
}
------------------------------------------------------------
Wed Jul 17 2024 01:37:26 GMT-0500 (Eastern Standard Time) : User already exists at:  1717343929743
------------------------------------------------------------
Wed Jul 17 2024 01:37:26 GMT-0500 (Eastern Standard Time) : Get user data for:  testduplicate
------------------------------------------------------------
Wed Jul 17 2024 01:37:26 GMT-0500 (Eastern Standard Time) : testduplicate coresponds to:  
{
  "uuid": 1717343929743,
  "uname": "testduplicate"
} at index:  2
------------------------------------------------------------

****************************************
Error:
Wed Jul 17 2024 01:37:26 GMT-0500 (Eastern Standard Time) :
User could not be found 1720721750676
******************************************

Wed Jul 17 2024 01:37:26 GMT-0500 (Eastern Standard Time) : 
testduplicate's data:  
{
  "version": 0,
  "lastupdate": 1717343929743,
  "data": {
    "test": "no data passed to user"
  }
}
------------------------------------------------------------
Wed Jul 17 2024 01:40:53 GMT-0500 (Eastern Standard Time) : Initalize database with default path:  
{
  "root_db_directory": "C:\\Users\\samue\\Desktop\\Code_bin\\full-node-service-template\\express-server template\\database\\"
}
------------------------------------------------------------
Wed Jul 17 2024 01:40:53 GMT-0500 (Eastern Standard Time) : Prior database exists
------------------------------------------------------------
Wed Jul 17 2024 01:40:53 GMT-0500 (Eastern Standard Time) : Database check succeded
------------------------------------------------------------
Wed Jul 17 2024 01:40:53 GMT-0500 (Eastern Standard Time) : Get user data for:  1720721750676
------------------------------------------------------------
Wed Jul 17 2024 01:40:53 GMT-0500 (Eastern Standard Time) : Add new user entry to database : 
{
  "uname": "testduplicate",
  "password": "0000"
}
------------------------------------------------------------
Wed Jul 17 2024 01:40:53 GMT-0500 (Eastern Standard Time) : User already exists at:  1717343929743
------------------------------------------------------------
Wed Jul 17 2024 01:40:53 GMT-0500 (Eastern Standard Time) : Get user data for:  testduplicate
------------------------------------------------------------
Wed Jul 17 2024 01:40:53 GMT-0500 (Eastern Standard Time) : testduplicate coresponds to:  
{
  "uuid": 1717343929743,
  "uname": "testduplicate"
} at index:  2
------------------------------------------------------------
Wed Jul 17 2024 01:40:53 GMT-0500 (Eastern Standard Time) : Get user data for:  1717344541826
------------------------------------------------------------
Wed Jul 17 2024 01:40:53 GMT-0500 (Eastern Standard Time) : 1717344541826 coresponds to:  
{
  "uuid": 1717344541826,
  "uname": "testduplicate"
} at index:  4
------------------------------------------------------------

****************************************
Error:
Wed Jul 17 2024 01:40:53 GMT-0500 (Eastern Standard Time) :
User could not be found 1720721750676
******************************************

Wed Jul 17 2024 01:40:53 GMT-0500 (Eastern Standard Time) : 
testduplicate's data:  
{
  "version": 0,
  "lastupdate": 1717343929743,
  "data": {
    "test": "no data passed to user"
  }
}
------------------------------------------------------------
Wed Jul 17 2024 01:40:53 GMT-0500 (Eastern Standard Time) : 
1717344541826's data:  
{
  "version": 0,
  "lastupdate": 1717344541827,
  "data": {
    "test": "no data passed to user"
  }
}
------------------------------------------------------------
